1 999999 525
956250 784133 525
527746 325777 470
592081 117279 470
40589 496670 449
75226 627789 509
658498 466337 509
702271 564758 509
758509 759021 362
832655 839170 525
124497 304493 443
664519 611871 509
858258 153542 525
514269 708157 509
973489 285219 525
258167 824416 509
40761 597582 470
123051 419382 449
810063 815431 406
310098 720101 509
415157 927052 525
771452 126993 509
65999 834783 509
552819 329546 470
938556 837274 525
446689 528317 470
589924 391703 470
434820 554673 470
111015 118536 349
240646 817862 509
287200 854602 525
952594 946087 414
316247 237153 407
486578 830505 509
775298 164398 509
511653 29457 449
99544 426149 449
382287 79182 443
431607 477457 444
43684 216018 383
809478 216581 509
560325 80709 470
699228 796355 504
784746 134196 509
217251 338269 443
341961 330965 366
480203 99064 449
864064 469986 525
308744 368663 441
944233 32695 525
393061 507077 449
890520 990393 507
148149 662737 509
861960 202784 525
557087 603671 434
730930 455726 509
453770 408273 449
572435 668554 509
536190 801997 509
615451 135944 470
840109 69001 525
322365 885318 525
257498 5366 443
370808 231711 441
641951 723672 504
679957 122682 509
30979 356200 443
440448 798297 509
658749 690626 442
325014 485731 449
339650 771613 509
465788 990066 525
557724 637933 509
840359 741646 525
804849 661129 504
787297 403016 509
425391 102137 449
978094 844543 507
500387 259147 449
795355 498156 509
287189 640249 509
215326 422562 449
700872 662662 442
532521 128841 470
347266 953704 525
995114 290534 525
179527 76206 383
169657 962707 525
802255 908954 525
850307 63050 525
946506 957112 414
121859 504348 449
346230 209975 443
930034 907748 476
554430 750026 509
68736 234334 443
524595 173517 470
65815 545969 470
584715 314002 470
811457 534090 509
36950 622614 470
